# JRE version: OpenJDK Runtime Environment (21.0.6) (build 21.0.6+-13355223-b631.42)
# Java VM: OpenJDK 64-Bit Server VM (21.0.6+-13355223-b631.42, mixed mode, tiered, compressed oops, compressed class ptrs, g1 gc, windows-amd64)
GC Precious Log:
 CardTable entry size: 512
 Card Set container configuration: InlinePtr #cards 5 size 8 Array Of Cards #cards 12 size 40 Howl #buckets 4 coarsen threshold 1843 Howl Bitmap #cards 512 size 80 coarsen threshold 460 Card regions per heap region 1 cards per card region 2048
 CPUs: 12 total, 12 available
 Memory: 16068M
 Large Page Support: Disabled
 NUMA Support: Disabled
 Compressed Oops: Enabled (32-bit)
 Heap Region Size: 1M
 Heap Min Capacity: 8M
 Heap Initial Capacity: 252M
 Heap Max Capacity: 2G
 Pre-touch: Disabled
 Parallel Workers: 10
 Concurrent Workers: 3
 Concurrent Refinement Workers: 10
 Periodic GC: Disabled
Heap:
 garbage-first heap   total 242688K, used 161159K [0x0000000080000000, 0x0000000100000000)
  region size 1024K, 6 young (6144K), 6 survivors (6144K)
 Metaspace       used 123980K, committed 126464K, reserved 557056K
  class space    used 17008K, committed 18240K, reserved 425984K
GC Heap History (20 events):
Event: 25.117 GC heap after
{Heap after GC invocations=52 (full 0):
 garbage-first heap   total 191488K, used 115781K [0x0000000080000000, 0x0000000100000000)
  region size 1024K, 5 young (5120K), 5 survivors (5120K)
 Metaspace       used 119686K, committed 122112K, reserved 557056K
  class space    used 16376K, committed 17600K, reserved 425984K
}
Event: 25.981 GC heap before
{Heap before GC invocations=52 (full 0):
 garbage-first heap   total 191488K, used 175173K [0x0000000080000000, 0x0000000100000000)
  region size 1024K, 63 young (64512K), 5 survivors (5120K)
 Metaspace       used 121845K, committed 124288K, reserved 557056K
  class space    used 16660K, committed 17920K, reserved 425984K
}
Event: 25.988 GC heap after
{Heap after GC invocations=53 (full 0):
 garbage-first heap   total 191488K, used 121198K [0x0000000080000000, 0x0000000100000000)
  region size 1024K, 8 young (8192K), 8 survivors (8192K)
 Metaspace       used 121845K, committed 124288K, reserved 557056K
  class space    used 16660K, committed 17920K, reserved 425984K
}
Event: 26.339 GC heap before
{Heap before GC invocations=54 (full 0):
 garbage-first heap   total 203776K, used 170350K [0x0000000080000000, 0x0000000100000000)
  region size 1024K, 57 young (58368K), 8 survivors (8192K)
 Metaspace       used 121938K, committed 124416K, reserved 557056K
  class space    used 16662K, committed 17920K, reserved 425984K
}
Event: 26.347 GC heap after
{Heap after GC invocations=55 (full 0):
 garbage-first heap   total 203776K, used 126674K [0x0000000080000000, 0x0000000100000000)
  region size 1024K, 5 young (5120K), 5 survivors (5120K)
 Metaspace       used 121938K, committed 124416K, reserved 557056K
  class space    used 16662K, committed 17920K, reserved 425984K
}
Event: 26.577 GC heap before
{Heap before GC invocations=55 (full 0):
 garbage-first heap   total 203776K, used 186066K [0x0000000080000000, 0x0000000100000000)
  region size 1024K, 64 young (65536K), 5 survivors (5120K)
 Metaspace       used 121939K, committed 124416K, reserved 557056K
  class space    used 16662K, committed 17920K, reserved 425984K
}
Event: 26.584 GC heap after
{Heap after GC invocations=56 (full 0):
 garbage-first heap   total 203776K, used 127601K [0x0000000080000000, 0x0000000100000000)
  region size 1024K, 5 young (5120K), 5 survivors (5120K)
 Metaspace       used 121939K, committed 124416K, reserved 557056K
  class space    used 16662K, committed 17920K, reserved 425984K
}
Event: 26.900 GC heap before
{Heap before GC invocations=56 (full 0):
 garbage-first heap   total 203776K, used 173681K [0x0000000080000000, 0x0000000100000000)
  region size 1024K, 52 young (53248K), 5 survivors (5120K)
 Metaspace       used 122283K, committed 124800K, reserved 557056K
  class space    used 16725K, committed 17984K, reserved 425984K
}
Event: 26.905 GC heap after
{Heap after GC invocations=57 (full 0):
 garbage-first heap   total 203776K, used 129412K [0x0000000080000000, 0x0000000100000000)
  region size 1024K, 6 young (6144K), 6 survivors (6144K)
 Metaspace       used 122283K, committed 124800K, reserved 557056K
  class space    used 16725K, committed 17984K, reserved 425984K
}
Event: 27.648 GC heap before
{Heap before GC invocations=58 (full 0):
 garbage-first heap   total 220160K, used 187780K [0x0000000080000000, 0x0000000100000000)
  region size 1024K, 60 young (61440K), 6 survivors (6144K)
 Metaspace       used 123353K, committed 125888K, reserved 557056K
  class space    used 16923K, committed 18176K, reserved 425984K
}
Event: 27.657 GC heap after
{Heap after GC invocations=59 (full 0):
 garbage-first heap   total 220160K, used 142892K [0x0000000080000000, 0x0000000100000000)
  region size 1024K, 8 young (8192K), 8 survivors (8192K)
 Metaspace       used 123353K, committed 125888K, reserved 557056K
  class space    used 16923K, committed 18176K, reserved 425984K
}
Event: 27.821 GC heap before
{Heap before GC invocations=59 (full 0):
 garbage-first heap   total 220160K, used 196140K [0x0000000080000000, 0x0000000100000000)
  region size 1024K, 61 young (62464K), 8 survivors (8192K)
 Metaspace       used 123355K, committed 125888K, reserved 557056K
  class space    used 16923K, committed 18176K, reserved 425984K
}
Event: 27.827 GC heap after
{Heap after GC invocations=60 (full 0):
 garbage-first heap   total 220160K, used 144295K [0x0000000080000000, 0x0000000100000000)
  region size 1024K, 4 young (4096K), 4 survivors (4096K)
 Metaspace       used 123355K, committed 125888K, reserved 557056K
  class space    used 16923K, committed 18176K, reserved 425984K
}
Event: 27.972 GC heap before
{Heap before GC invocations=60 (full 0):
 garbage-first heap   total 220160K, used 198567K [0x0000000080000000, 0x0000000100000000)
  region size 1024K, 58 young (59392K), 4 survivors (4096K)
 Metaspace       used 123355K, committed 125888K, reserved 557056K
  class space    used 16923K, committed 18176K, reserved 425984K
}
Event: 27.976 GC heap after
{Heap after GC invocations=61 (full 0):
 garbage-first heap   total 220160K, used 145159K [0x0000000080000000, 0x0000000100000000)
  region size 1024K, 5 young (5120K), 5 survivors (5120K)
 Metaspace       used 123355K, committed 125888K, reserved 557056K
  class space    used 16923K, committed 18176K, reserved 425984K
}
Event: 28.724 GC heap before
{Heap before GC invocations=62 (full 0):
 garbage-first heap   total 242688K, used 203527K [0x0000000080000000, 0x0000000100000000)
  region size 1024K, 60 young (61440K), 5 survivors (5120K)
 Metaspace       used 123946K, committed 126464K, reserved 557056K
  class space    used 17004K, committed 18240K, reserved 425984K
}
Event: 28.731 GC heap after
{Heap after GC invocations=63 (full 0):
 garbage-first heap   total 242688K, used 157300K [0x0000000080000000, 0x0000000100000000)
  region size 1024K, 8 young (8192K), 8 survivors (8192K)
 Metaspace       used 123946K, committed 126464K, reserved 557056K
  class space    used 17004K, committed 18240K, reserved 425984K
}
Event: 28.889 GC heap before
{Heap before GC invocations=63 (full 0):
 garbage-first heap   total 242688K, used 214644K [0x0000000080000000, 0x0000000100000000)
  region size 1024K, 65 young (66560K), 8 survivors (8192K)
 Metaspace       used 123946K, committed 126464K, reserved 557056K
  class space    used 17004K, committed 18240K, reserved 425984K
}
Event: 28.896 GC heap after
{Heap after GC invocations=64 (full 0):
 garbage-first heap   total 242688K, used 159714K [0x0000000080000000, 0x0000000100000000)
  region size 1024K, 4 young (4096K), 4 survivors (4096K)
 Metaspace       used 123946K, committed 126464K, reserved 557056K
  class space    used 17004K, committed 18240K, reserved 425984K
}
Event: 29.154 GC heap before
{Heap before GC invocations=64 (full 0):
 garbage-first heap   total 242688K, used 193506K [0x0000000080000000, 0x0000000100000000)
  region size 1024K, 39 young (39936K), 4 survivors (4096K)
 Metaspace       used 123980K, committed 126464K, reserved 557056K
  class space    used 17008K, committed 18240K, reserved 425984K
}

