# JRE version: OpenJDK Runtime Environment (21.0.6) (build 21.0.6+-13355223-b631.42)
# Java VM: OpenJDK 64-Bit Server VM (21.0.6+-13355223-b631.42, mixed mode, tiered, compressed oops, compressed class ptrs, g1 gc, windows-amd64)
GC Precious Log:
 CardTable entry size: 512
 Card Set container configuration: InlinePtr #cards 4 size 8 Array Of Cards #cards 16 size 48 Howl #buckets 8 coarsen threshold 3686 Howl Bitmap #cards 512 size 80 coarsen threshold 460 Card regions per heap region 1 cards per card region 4096
 CPUs: 12 total, 12 available
 Memory: 16068M
 Large Page Support: Disabled
 NUMA Support: Disabled
 Compressed Oops: Enabled (Zero based)
 Heap Region Size: 2M
 Heap Min Capacity: 8M
 Heap Initial Capacity: 252M
 Heap Max Capacity: 4018M
 Pre-touch: Disabled
 Parallel Workers: 10
 Concurrent Workers: 3
 Concurrent Refinement Workers: 10
 Periodic GC: Disabled
Heap:
 garbage-first heap   total 81920K, used 51200K [0x0000000704e00000, 0x0000000800000000)
  region size 2048K, 6 young (12288K), 2 survivors (4096K)
 Metaspace       used 55476K, committed 55744K, reserved 1114112K
  class space    used 6274K, committed 6400K, reserved 1048576K
GC Heap History (20 events):
Event: 2.763 GC heap before
{Heap before GC invocations=1 (full 0):
 garbage-first heap   total 258048K, used 29578K [0x0000000704e00000, 0x0000000800000000)
  region size 2048K, 14 young (28672K), 2 survivors (4096K)
 Metaspace       used 21341K, committed 21504K, reserved 1114112K
  class space    used 2142K, committed 2240K, reserved 1048576K
}
Event: 2.769 GC heap after
{Heap after GC invocations=2 (full 0):
 garbage-first heap   total 258048K, used 7939K [0x0000000704e00000, 0x0000000800000000)
  region size 2048K, 2 young (4096K), 2 survivors (4096K)
 Metaspace       used 21341K, committed 21504K, reserved 1114112K
  class space    used 2142K, committed 2240K, reserved 1048576K
}
Event: 3.829 GC heap before
{Heap before GC invocations=3 (full 0):
 garbage-first heap   total 28672K, used 28419K [0x0000000704e00000, 0x0000000800000000)
  region size 2048K, 12 young (24576K), 2 survivors (4096K)
 Metaspace       used 24041K, committed 24256K, reserved 1114112K
  class space    used 2458K, committed 2560K, reserved 1048576K
}
Event: 3.841 GC heap after
{Heap after GC invocations=4 (full 0):
 garbage-first heap   total 38912K, used 14326K [0x0000000704e00000, 0x0000000800000000)
  region size 2048K, 5 young (10240K), 5 survivors (10240K)
 Metaspace       used 24041K, committed 24256K, reserved 1114112K
  class space    used 2458K, committed 2560K, reserved 1048576K
}
Event: 4.371 GC heap before
{Heap before GC invocations=4 (full 0):
 garbage-first heap   total 38912K, used 26614K [0x0000000704e00000, 0x0000000800000000)
  region size 2048K, 11 young (22528K), 5 survivors (10240K)
 Metaspace       used 27424K, committed 27648K, reserved 1114112K
  class space    used 2960K, committed 3072K, reserved 1048576K
}
Event: 4.383 GC heap after
{Heap after GC invocations=5 (full 0):
 garbage-first heap   total 38912K, used 15414K [0x0000000704e00000, 0x0000000800000000)
  region size 2048K, 1 young (2048K), 1 survivors (2048K)
 Metaspace       used 27424K, committed 27648K, reserved 1114112K
  class space    used 2960K, committed 3072K, reserved 1048576K
}
Event: 5.057 GC heap before
{Heap before GC invocations=5 (full 0):
 garbage-first heap   total 38912K, used 29750K [0x0000000704e00000, 0x0000000800000000)
  region size 2048K, 8 young (16384K), 1 survivors (2048K)
 Metaspace       used 30784K, committed 31040K, reserved 1114112K
  class space    used 3665K, committed 3776K, reserved 1048576K
}
Event: 5.064 GC heap after
{Heap after GC invocations=6 (full 0):
 garbage-first heap   total 38912K, used 17031K [0x0000000704e00000, 0x0000000800000000)
  region size 2048K, 1 young (2048K), 1 survivors (2048K)
 Metaspace       used 30784K, committed 31040K, reserved 1114112K
  class space    used 3665K, committed 3776K, reserved 1048576K
}
Event: 5.468 GC heap before
{Heap before GC invocations=6 (full 0):
 garbage-first heap   total 38912K, used 27271K [0x0000000704e00000, 0x0000000800000000)
  region size 2048K, 7 young (14336K), 1 survivors (2048K)
 Metaspace       used 33394K, committed 33600K, reserved 1114112K
  class space    used 3925K, committed 4032K, reserved 1048576K
}
Event: 5.474 GC heap after
{Heap after GC invocations=7 (full 0):
 garbage-first heap   total 38912K, used 17462K [0x0000000704e00000, 0x0000000800000000)
  region size 2048K, 1 young (2048K), 1 survivors (2048K)
 Metaspace       used 33394K, committed 33600K, reserved 1114112K
  class space    used 3925K, committed 4032K, reserved 1048576K
}
Event: 5.835 GC heap before
{Heap before GC invocations=7 (full 0):
 garbage-first heap   total 38912K, used 23606K [0x0000000704e00000, 0x0000000800000000)
  region size 2048K, 6 young (12288K), 1 survivors (2048K)
 Metaspace       used 35749K, committed 35968K, reserved 1114112K
  class space    used 4160K, committed 4288K, reserved 1048576K
}
Event: 5.840 GC heap after
{Heap after GC invocations=8 (full 0):
 garbage-first heap   total 149504K, used 18430K [0x0000000704e00000, 0x0000000800000000)
  region size 2048K, 1 young (2048K), 1 survivors (2048K)
 Metaspace       used 35749K, committed 35968K, reserved 1114112K
  class space    used 4160K, committed 4288K, reserved 1048576K
}
Event: 8.076 GC heap before
{Heap before GC invocations=9 (full 0):
 garbage-first heap   total 69632K, used 65534K [0x0000000704e00000, 0x0000000800000000)
  region size 2048K, 25 young (51200K), 1 survivors (2048K)
 Metaspace       used 44573K, committed 44864K, reserved 1114112K
  class space    used 5075K, committed 5184K, reserved 1048576K
}
Event: 8.097 GC heap after
{Heap after GC invocations=10 (full 0):
 garbage-first heap   total 77824K, used 25239K [0x0000000704e00000, 0x0000000800000000)
  region size 2048K, 4 young (8192K), 4 survivors (8192K)
 Metaspace       used 44573K, committed 44864K, reserved 1114112K
  class space    used 5075K, committed 5184K, reserved 1048576K
}
Event: 9.397 GC heap before
{Heap before GC invocations=10 (full 0):
 garbage-first heap   total 77824K, used 62103K [0x0000000704e00000, 0x0000000800000000)
  region size 2048K, 22 young (45056K), 4 survivors (8192K)
 Metaspace       used 48345K, committed 48576K, reserved 1114112K
  class space    used 5463K, committed 5568K, reserved 1048576K
}
Event: 9.426 GC heap after
{Heap after GC invocations=11 (full 0):
 garbage-first heap   total 81920K, used 34230K [0x0000000704e00000, 0x0000000800000000)
  region size 2048K, 3 young (6144K), 3 survivors (6144K)
 Metaspace       used 48345K, committed 48576K, reserved 1114112K
  class space    used 5463K, committed 5568K, reserved 1048576K
}
Event: 10.577 GC heap before
{Heap before GC invocations=11 (full 0):
 garbage-first heap   total 81920K, used 62902K [0x0000000704e00000, 0x0000000800000000)
  region size 2048K, 17 young (34816K), 3 survivors (6144K)
 Metaspace       used 50959K, committed 51264K, reserved 1114112K
  class space    used 5757K, committed 5888K, reserved 1048576K
}
Event: 10.597 GC heap after
{Heap after GC invocations=12 (full 0):
 garbage-first heap   total 81920K, used 42394K [0x0000000704e00000, 0x0000000800000000)
  region size 2048K, 3 young (6144K), 3 survivors (6144K)
 Metaspace       used 50959K, committed 51264K, reserved 1114112K
  class space    used 5757K, committed 5888K, reserved 1048576K
}
Event: 11.347 GC heap before
{Heap before GC invocations=12 (full 0):
 garbage-first heap   total 81920K, used 64922K [0x0000000704e00000, 0x0000000800000000)
  region size 2048K, 14 young (28672K), 3 survivors (6144K)
 Metaspace       used 53845K, committed 54144K, reserved 1114112K
  class space    used 6083K, committed 6208K, reserved 1048576K
}
Event: 11.371 GC heap after
{Heap after GC invocations=13 (full 0):
 garbage-first heap   total 81920K, used 47104K [0x0000000704e00000, 0x0000000800000000)
  region size 2048K, 2 young (4096K), 2 survivors (4096K)
 Metaspace       used 53845K, committed 54144K, reserved 1114112K
  class space    used 6083K, committed 6208K, reserved 1048576K
}

